Using pre-set license
Built from '2021.3/staging' branch; Version is '2021.3.14f1 (eee1884e7226) revision 15655304'; Using compiler version '192829333'; Build Type 'Release'
OS: 'Windows 10  (10.0.19045) 64bit Core' Language: 'en' Physical Memory: 32720 MB
BatchMode: 1, IsHumanControllingUs: 0, StartBugReporterOnCrash: 0, Is64bit: 1, IsPro: 1

COMMAND LINE ARGUMENTS:
C:\Program Files\Unity\Hub\Editor\2021.3.14f1\Editor\Unity.exe
-adb2
-batchMode
-noUpm
-name
AssetImportWorker2
-projectPath
C:/Users/typow/Desktop/ActualCast/Cast/Cast Game
-logFile
Logs/AssetImportWorker2.log
-srvPort
49579
Successfully changed project path to: C:/Users/typow/Desktop/ActualCast/Cast/Cast Game
C:/Users/typow/Desktop/ActualCast/Cast/Cast Game
[UnityMemory] Configuration Parameters - Can be set up in boot.config
    "memorysetup-bucket-allocator-granularity=16"
    "memorysetup-bucket-allocator-bucket-count=8"
    "memorysetup-bucket-allocator-block-size=33554432"
    "memorysetup-bucket-allocator-block-count=8"
    "memorysetup-main-allocator-block-size=16777216"
    "memorysetup-thread-allocator-block-size=16777216"
    "memorysetup-gfx-main-allocator-block-size=16777216"
    "memorysetup-gfx-thread-allocator-block-size=16777216"
    "memorysetup-cache-allocator-block-size=4194304"
    "memorysetup-typetree-allocator-block-size=2097152"
    "memorysetup-profiler-bucket-allocator-granularity=16"
    "memorysetup-profiler-bucket-allocator-bucket-count=8"
    "memorysetup-profiler-bucket-allocator-block-size=33554432"
    "memorysetup-profiler-bucket-allocator-block-count=8"
    "memorysetup-profiler-allocator-block-size=16777216"
    "memorysetup-profiler-editor-allocator-block-size=1048576"
    "memorysetup-temp-allocator-size-main=16777216"
    "memorysetup-job-temp-allocator-block-size=2097152"
    "memorysetup-job-temp-allocator-block-size-background=1048576"
    "memorysetup-job-temp-allocator-reduction-small-platforms=262144"
    "memorysetup-temp-allocator-size-background-worker=32768"
    "memorysetup-temp-allocator-size-job-worker=262144"
    "memorysetup-temp-allocator-size-preload-manager=33554432"
    "memorysetup-temp-allocator-size-nav-mesh-worker=65536"
    "memorysetup-temp-allocator-size-audio-worker=65536"
    "memorysetup-temp-allocator-size-cloud-worker=32768"
    "memorysetup-temp-allocator-size-gi-baking-worker=262144"
    "memorysetup-temp-allocator-size-gfx=262144"
Refreshing native plugins compatible for Editor in 199.65 ms, found 4 plugins.
Preloading 0 native plugins for Editor in 0.00 ms.
Initialize engine version: 2021.3.14f1 (eee1884e7226)
[Subsystems] Discovering subsystems at path C:/Program Files/Unity/Hub/Editor/2021.3.14f1/Editor/Data/Resources/UnitySubsystems
[Subsystems] Discovering subsystems at path C:/Users/typow/Desktop/ActualCast/Cast/Cast Game/Assets
GfxDevice: creating device client; threaded=0; jobified=0
Direct3D:
    Version:  Direct3D 11.0 [level 11.1]
    Renderer: NVIDIA GeForce GTX 1080 (ID=0x1b80)
    Vendor:   NVIDIA
    VRAM:     8079 MB
    Driver:   31.0.15.1694
Initialize mono
Mono path[0] = 'C:/Program Files/Unity/Hub/Editor/2021.3.14f1/Editor/Data/Managed'
Mono path[1] = 'C:/Program Files/Unity/Hub/Editor/2021.3.14f1/Editor/Data/MonoBleedingEdge/lib/mono/unityjit-win32'
Mono config path = 'C:/Program Files/Unity/Hub/Editor/2021.3.14f1/Editor/Data/MonoBleedingEdge/etc'
Using monoOptions --debugger-agent=transport=dt_socket,embedding=1,server=y,suspend=n,address=127.0.0.1:56924
Begin MonoManager ReloadAssembly
Registering precompiled unity dll's ...
Register platform support module: C:/Program Files/Unity/Hub/Editor/2021.3.14f1/Editor/Data/PlaybackEngines/WindowsStandaloneSupport/UnityEditor.WindowsStandalone.Extensions.dll
Registered in 0.008973 seconds.
Native extension for WindowsStandalone target not found
Refreshing native plugins compatible for Editor in 97.87 ms, found 4 plugins.
Preloading 0 native plugins for Editor in 0.00 ms.
Mono: successfully reloaded assembly
- Completed reload, in  0.673 seconds
Domain Reload Profiling:
	ReloadAssembly (674ms)
		BeginReloadAssembly (87ms)
			ExecutionOrderSort (0ms)
			DisableScriptedObjects (0ms)
			BackupInstance (0ms)
			ReleaseScriptingObjects (0ms)
			CreateAndSetChildDomain (1ms)
		EndReloadAssembly (473ms)
			LoadAssemblies (84ms)
			RebuildTransferFunctionScriptingTraits (0ms)
			SetupTypeCache (106ms)
			ReleaseScriptCaches (0ms)
			RebuildScriptCaches (28ms)
			SetupLoadedEditorAssemblies (291ms)
				LogAssemblyErrors (0ms)
				InitializePlatformSupportModulesInManaged (7ms)
				SetLoadedEditorAssemblies (0ms)
				RefreshPlugins (98ms)
				BeforeProcessingInitializeOnLoad (1ms)
				ProcessInitializeOnLoadAttributes (137ms)
				ProcessInitializeOnLoadMethodAttributes (48ms)
				AfterProcessingInitializeOnLoad (0ms)
				EditorAssembliesLoaded (0ms)
			ExecutionOrderSort2 (0ms)
			AwakeInstancesAfterBackupRestoration (0ms)
Platform modules already initialized, skipping
Registering precompiled user dll's ...
Registered in 0.008230 seconds.
Begin MonoManager ReloadAssembly
Symbol file LoadedFromMemory doesn't match image C:\Users\typow\Desktop\ActualCast\Cast\Cast Game\Library\PackageCache\com.unity.visualscripting@1.7.8\Editor\VisualScripting.Core\Dependencies\YamlDotNet\Unity.VisualScripting.YamlDotNet.dll
Symbol file LoadedFromMemory doesn't match image C:\Users\typow\Desktop\ActualCast\Cast\Cast Game\Library\PackageCache\com.unity.visualscripting@1.7.8\Editor\VisualScripting.Core\Dependencies\DotNetZip\Unity.VisualScripting.IonicZip.dll
Native extension for WindowsStandalone target not found
Refreshing native plugins compatible for Editor in 89.76 ms, found 4 plugins.
Preloading 0 native plugins for Editor in 0.00 ms.
Mono: successfully reloaded assembly
- Completed reload, in  2.228 seconds
Domain Reload Profiling:
	ReloadAssembly (2229ms)
		BeginReloadAssembly (124ms)
			ExecutionOrderSort (0ms)
			DisableScriptedObjects (9ms)
			BackupInstance (0ms)
			ReleaseScriptingObjects (0ms)
			CreateAndSetChildDomain (19ms)
		EndReloadAssembly (1772ms)
			LoadAssemblies (870ms)
			RebuildTransferFunctionScriptingTraits (0ms)
			SetupTypeCache (283ms)
			ReleaseScriptCaches (1ms)
			RebuildScriptCaches (59ms)
			SetupLoadedEditorAssemblies (515ms)
				LogAssemblyErrors (0ms)
				InitializePlatformSupportModulesInManaged (5ms)
				SetLoadedEditorAssemblies (0ms)
				RefreshPlugins (90ms)
				BeforeProcessingInitializeOnLoad (111ms)
				ProcessInitializeOnLoadAttributes (256ms)
				ProcessInitializeOnLoadMethodAttributes (44ms)
				AfterProcessingInitializeOnLoad (8ms)
				EditorAssembliesLoaded (0ms)
			ExecutionOrderSort2 (0ms)
			AwakeInstancesAfterBackupRestoration (6ms)
Platform modules already initialized, skipping
========================================================================
Worker process is ready to serve import requests
Launched and connected shader compiler UnityShaderCompiler.exe after 0.14 seconds
Refreshing native plugins compatible for Editor in 0.68 ms, found 4 plugins.
Preloading 0 native plugins for Editor in 0.00 ms.
Unloading 4052 Unused Serialized files (Serialized files now loaded: 0)
Unloading 38 unused Assets / (56.5 KB). Loaded Objects now: 4508.
Memory consumption went from 150.8 MB to 150.8 MB.
Total: 3.119000 ms (FindLiveObjects: 0.313200 ms CreateObjectMapping: 0.371800 ms MarkObjects: 2.352100 ms  DeleteObjects: 0.080400 ms)

AssetImportParameters requested are different than current active one (requested -> active):
  custom:video-decoder-ogg-theora: a1e56fd34408186e4bbccfd4996cb3dc -> 
  custom:container-muxer-webm: aa71ff27fc2769a1b78a27578f13a17b -> 
  custom:container-demuxer-webm: 4f35f7cbe854078d1ac9338744f61a02 -> 
  custom:video-encoder-webm-vp8: eb34c28f22e8b96e1ab97ce403110664 -> 
  custom:video-codec-MediaFoundation-h265: 746d11721c4dcdbdad8f713fa42b33f4 -> 
  custom:audio-encoder-webm-vorbis: bf7c407c2cedff20999df2af8eb42d56 -> 
  custom:framework-win-MediaFoundation: 216162199b28c13a410421893ffa2e32 -> 
  custom:container-demuxer-ogg: 62fdf1f143b41e24485cea50d1cbac27 -> 
  custom:video-decoder-webm-vp8: 9c59270c3fd7afecdb556c50c9e8de78 -> 
  custom:audio-decoder-ogg-vorbis: bf7c407c2cedff20999df2af8eb42d56 -> 
========================================================================
Received Import Request.
  Time since last request: 511811.583069 seconds.
  path: Assets/Hidden Leaf Village.jpg
  artifactKey: Guid(d2f77649cf9274d45acfaf42d1ed739b) Importer(815301076,1909f56bfc062723c751e8b465ee728b)
Start importing Assets/Hidden Leaf Village.jpg using Guid(d2f77649cf9274d45acfaf42d1ed739b) Importer(815301076,1909f56bfc062723c751e8b465ee728b)  -> (artifact id: 'a0d54e34fe97a03ada101eb9cc9d28ed') in 0.425373 seconds 
========================================================================
Received Import Request.
  Time since last request: 0.000038 seconds.
  path: Assets/Triangle.prefab
  artifactKey: Guid(50b7c72d145fe364095bc475714ef09d) Importer(815301076,1909f56bfc062723c751e8b465ee728b)
Start importing Assets/Triangle.prefab using Guid(50b7c72d145fe364095bc475714ef09d) Importer(815301076,1909f56bfc062723c751e8b465ee728b)  -> (artifact id: '0c45b1deebd99ae5de296fcc5cfcbce1') in 0.317908 seconds 
========================================================================
Received Prepare
Registering precompiled user dll's ...
Registered in 0.009844 seconds.
Begin MonoManager ReloadAssembly
Symbol file LoadedFromMemory doesn't match image C:\Users\typow\Desktop\ActualCast\Cast\Cast Game\Library\PackageCache\com.unity.visualscripting@1.7.8\Editor\VisualScripting.Core\Dependencies\YamlDotNet\Unity.VisualScripting.YamlDotNet.dll
Symbol file LoadedFromMemory doesn't match image C:\Users\typow\Desktop\ActualCast\Cast\Cast Game\Library\PackageCache\com.unity.visualscripting@1.7.8\Editor\VisualScripting.Core\Dependencies\DotNetZip\Unity.VisualScripting.IonicZip.dll
Native extension for WindowsStandalone target not found
Refreshing native plugins compatible for Editor in 0.90 ms, found 4 plugins.
Preloading 0 native plugins for Editor in 0.00 ms.
Mono: successfully reloaded assembly
- Completed reload, in  1.705 seconds
Domain Reload Profiling:
	ReloadAssembly (1706ms)
		BeginReloadAssembly (213ms)
			ExecutionOrderSort (0ms)
			DisableScriptedObjects (13ms)
			BackupInstance (0ms)
			ReleaseScriptingObjects (0ms)
			CreateAndSetChildDomain (49ms)
		EndReloadAssembly (1332ms)
			LoadAssemblies (166ms)
			RebuildTransferFunctionScriptingTraits (0ms)
			SetupTypeCache (430ms)
			ReleaseScriptCaches (2ms)
			RebuildScriptCaches (82ms)
			SetupLoadedEditorAssemblies (584ms)
				LogAssemblyErrors (0ms)
				InitializePlatformSupportModulesInManaged (21ms)
				SetLoadedEditorAssemblies (0ms)
				RefreshPlugins (1ms)
				BeforeProcessingInitializeOnLoad (136ms)
				ProcessInitializeOnLoadAttributes (353ms)
				ProcessInitializeOnLoadMethodAttributes (59ms)
				AfterProcessingInitializeOnLoad (14ms)
				EditorAssembliesLoaded (0ms)
			ExecutionOrderSort2 (0ms)
			AwakeInstancesAfterBackupRestoration (12ms)
Platform modules already initialized, skipping
Refreshing native plugins compatible for Editor in 3.36 ms, found 4 plugins.
Preloading 0 native plugins for Editor in 0.00 ms.
Unloading 4041 Unused Serialized files (Serialized files now loaded: 0)
Unloading 25 unused Assets / (24.6 KB). Loaded Objects now: 4523.
Memory consumption went from 154.6 MB to 154.6 MB.
Total: 6.267600 ms (FindLiveObjects: 0.389100 ms CreateObjectMapping: 0.321800 ms MarkObjects: 5.508000 ms  DeleteObjects: 0.046700 ms)

AssetImportParameters requested are different than current active one (requested -> active):
  custom:video-decoder-ogg-theora: a1e56fd34408186e4bbccfd4996cb3dc -> 
  custom:container-muxer-webm: aa71ff27fc2769a1b78a27578f13a17b -> 
  custom:container-demuxer-webm: 4f35f7cbe854078d1ac9338744f61a02 -> 
  custom:video-encoder-webm-vp8: eb34c28f22e8b96e1ab97ce403110664 -> 
  custom:video-codec-MediaFoundation-h265: 746d11721c4dcdbdad8f713fa42b33f4 -> 
  custom:audio-encoder-webm-vorbis: bf7c407c2cedff20999df2af8eb42d56 -> 
  custom:framework-win-MediaFoundation: 216162199b28c13a410421893ffa2e32 -> 
  custom:container-demuxer-ogg: 62fdf1f143b41e24485cea50d1cbac27 -> 
  custom:video-decoder-webm-vp8: 9c59270c3fd7afecdb556c50c9e8de78 -> 
  custom:audio-decoder-ogg-vorbis: bf7c407c2cedff20999df2af8eb42d56 -> 
========================================================================
Received Import Request.
  Time since last request: 1317.406819 seconds.
  path: Assets/Scenes
  artifactKey: Guid(131a6b21c8605f84396be9f6751fb6e3) Importer(815301076,1909f56bfc062723c751e8b465ee728b)
Start importing Assets/Scenes using Guid(131a6b21c8605f84396be9f6751fb6e3) Importer(815301076,1909f56bfc062723c751e8b465ee728b)  -> (artifact id: '4935f35005d3ccd51bf39964504ff1b7') in 0.012518 seconds 
========================================================================
Received Import Request.
  Time since last request: 1.125663 seconds.
  path: Assets/Scenes/SampleScene.unity
  artifactKey: Guid(2cda990e2423bbf4892e6590ba056729) Importer(815301076,1909f56bfc062723c751e8b465ee728b)
Start importing Assets/Scenes/SampleScene.unity using Guid(2cda990e2423bbf4892e6590ba056729) Importer(815301076,1909f56bfc062723c751e8b465ee728b)  -> (artifact id: '1882bb4f312db72115cb136ec0afe5db') in 0.009344 seconds 
========================================================================
Received Prepare
Registering precompiled user dll's ...
Registered in 0.011406 seconds.
Begin MonoManager ReloadAssembly
Symbol file LoadedFromMemory doesn't match image C:\Users\typow\Desktop\ActualCast\Cast\Cast Game\Library\PackageCache\com.unity.visualscripting@1.7.8\Editor\VisualScripting.Core\Dependencies\YamlDotNet\Unity.VisualScripting.YamlDotNet.dll
Symbol file LoadedFromMemory doesn't match image C:\Users\typow\Desktop\ActualCast\Cast\Cast Game\Library\PackageCache\com.unity.visualscripting@1.7.8\Editor\VisualScripting.Core\Dependencies\DotNetZip\Unity.VisualScripting.IonicZip.dll
Native extension for WindowsStandalone target not found
Refreshing native plugins compatible for Editor in 1.14 ms, found 4 plugins.
Preloading 0 native plugins for Editor in 0.00 ms.
Mono: successfully reloaded assembly
- Completed reload, in  1.642 seconds
Domain Reload Profiling:
	ReloadAssembly (1643ms)
		BeginReloadAssembly (171ms)
			ExecutionOrderSort (0ms)
			DisableScriptedObjects (6ms)
			BackupInstance (0ms)
			ReleaseScriptingObjects (0ms)
			CreateAndSetChildDomain (49ms)
		EndReloadAssembly (1307ms)
			LoadAssemblies (127ms)
			RebuildTransferFunctionScriptingTraits (0ms)
			SetupTypeCache (432ms)
			ReleaseScriptCaches (2ms)
			RebuildScriptCaches (85ms)
			SetupLoadedEditorAssemblies (566ms)
				LogAssemblyErrors (0ms)
				InitializePlatformSupportModulesInManaged (20ms)
				SetLoadedEditorAssemblies (1ms)
				RefreshPlugins (1ms)
				BeforeProcessingInitializeOnLoad (123ms)
				ProcessInitializeOnLoadAttributes (346ms)
				ProcessInitializeOnLoadMethodAttributes (61ms)
				AfterProcessingInitializeOnLoad (14ms)
				EditorAssembliesLoaded (0ms)
			ExecutionOrderSort2 (0ms)
			AwakeInstancesAfterBackupRestoration (13ms)
Platform modules already initialized, skipping
Refreshing native plugins compatible for Editor in 4.02 ms, found 4 plugins.
Preloading 0 native plugins for Editor in 0.00 ms.
Unloading 4041 Unused Serialized files (Serialized files now loaded: 0)
Unloading 25 unused Assets / (24.7 KB). Loaded Objects now: 4526.
Memory consumption went from 154.6 MB to 154.6 MB.
Total: 4.957500 ms (FindLiveObjects: 0.454100 ms CreateObjectMapping: 0.451700 ms MarkObjects: 4.015000 ms  DeleteObjects: 0.035100 ms)

AssetImportParameters requested are different than current active one (requested -> active):
  custom:video-decoder-ogg-theora: a1e56fd34408186e4bbccfd4996cb3dc -> 
  custom:container-muxer-webm: aa71ff27fc2769a1b78a27578f13a17b -> 
  custom:container-demuxer-webm: 4f35f7cbe854078d1ac9338744f61a02 -> 
  custom:video-encoder-webm-vp8: eb34c28f22e8b96e1ab97ce403110664 -> 
  custom:video-codec-MediaFoundation-h265: 746d11721c4dcdbdad8f713fa42b33f4 -> 
  custom:audio-encoder-webm-vorbis: bf7c407c2cedff20999df2af8eb42d56 -> 
  custom:framework-win-MediaFoundation: 216162199b28c13a410421893ffa2e32 -> 
  custom:container-demuxer-ogg: 62fdf1f143b41e24485cea50d1cbac27 -> 
  custom:video-decoder-webm-vp8: 9c59270c3fd7afecdb556c50c9e8de78 -> 
  custom:audio-decoder-ogg-vorbis: bf7c407c2cedff20999df2af8eb42d56 -> 
========================================================================
Received Import Request.
  Time since last request: 36.352710 seconds.
  path: Assets/FireMageSprites
  artifactKey: Guid(3b0d7da09052cf84b9d661a1fb04abcf) Importer(815301076,1909f56bfc062723c751e8b465ee728b)
Start importing Assets/FireMageSprites using Guid(3b0d7da09052cf84b9d661a1fb04abcf) Importer(815301076,1909f56bfc062723c751e8b465ee728b)  -> (artifact id: '4bd010ed8db725b48cc31e0c4cbd3ecd') in 0.013873 seconds 
========================================================================
Received Import Request.
  Time since last request: 0.158058 seconds.
  path: Assets/FireMageSprites/mage_down.png
  artifactKey: Guid(378ba259c6d188049bca578d25b7cb93) Importer(815301076,1909f56bfc062723c751e8b465ee728b)
Start importing Assets/FireMageSprites/mage_down.png using Guid(378ba259c6d188049bca578d25b7cb93) Importer(815301076,1909f56bfc062723c751e8b465ee728b)  -> (artifact id: '7bd0199f7aef5c35ac32c9e084cd63ea') in 0.144489 seconds 
========================================================================
Received Import Request.
  Time since last request: 0.000029 seconds.
  path: Assets/FireMageSprites/shot.png
  artifactKey: Guid(c8c2de91dc2c815469ada981aa34a24d) Importer(815301076,1909f56bfc062723c751e8b465ee728b)
Start importing Assets/FireMageSprites/shot.png using Guid(c8c2de91dc2c815469ada981aa34a24d) Importer(815301076,1909f56bfc062723c751e8b465ee728b)  -> (artifact id: 'e0bc17128a6ec0ffb8ae4ff128032f1b') in 0.020541 seconds 
========================================================================
Received Import Request.
  Time since last request: 0.000039 seconds.
  path: Assets/FireMageSprites/shot.prefab
  artifactKey: Guid(d9f94ed334257c34ba3ce4d0150409db) Importer(815301076,1909f56bfc062723c751e8b465ee728b)
Start importing Assets/FireMageSprites/shot.prefab using Guid(d9f94ed334257c34ba3ce4d0150409db) Importer(815301076,1909f56bfc062723c751e8b465ee728b)  -> (artifact id: 'dea9664c969efd302d9ded0db57ec091') in 0.045203 seconds 
========================================================================
Received Prepare
Registering precompiled user dll's ...
Registered in 0.010713 seconds.
Begin MonoManager ReloadAssembly
Symbol file LoadedFromMemory doesn't match image C:\Users\typow\Desktop\ActualCast\Cast\Cast Game\Library\PackageCache\com.unity.visualscripting@1.7.8\Editor\VisualScripting.Core\Dependencies\YamlDotNet\Unity.VisualScripting.YamlDotNet.dll
Symbol file LoadedFromMemory doesn't match image C:\Users\typow\Desktop\ActualCast\Cast\Cast Game\Library\PackageCache\com.unity.visualscripting@1.7.8\Editor\VisualScripting.Core\Dependencies\DotNetZip\Unity.VisualScripting.IonicZip.dll
Native extension for WindowsStandalone target not found
Refreshing native plugins compatible for Editor in 1.17 ms, found 4 plugins.
Preloading 0 native plugins for Editor in 0.00 ms.
Mono: successfully reloaded assembly
- Completed reload, in  1.597 seconds
Domain Reload Profiling:
	ReloadAssembly (1598ms)
		BeginReloadAssembly (180ms)
			ExecutionOrderSort (0ms)
			DisableScriptedObjects (9ms)
			BackupInstance (0ms)
			ReleaseScriptingObjects (0ms)
			CreateAndSetChildDomain (45ms)
		EndReloadAssembly (1281ms)
			LoadAssemblies (133ms)
			RebuildTransferFunctionScriptingTraits (0ms)
			SetupTypeCache (444ms)
			ReleaseScriptCaches (2ms)
			RebuildScriptCaches (77ms)
			SetupLoadedEditorAssemblies (549ms)
				LogAssemblyErrors (0ms)
				InitializePlatformSupportModulesInManaged (20ms)
				SetLoadedEditorAssemblies (1ms)
				RefreshPlugins (1ms)
				BeforeProcessingInitializeOnLoad (126ms)
				ProcessInitializeOnLoadAttributes (332ms)
				ProcessInitializeOnLoadMethodAttributes (57ms)
				AfterProcessingInitializeOnLoad (12ms)
				EditorAssembliesLoaded (0ms)
			ExecutionOrderSort2 (0ms)
			AwakeInstancesAfterBackupRestoration (14ms)
Platform modules already initialized, skipping
Refreshing native plugins compatible for Editor in 4.03 ms, found 4 plugins.
Preloading 0 native plugins for Editor in 0.00 ms.
Unloading 4041 Unused Serialized files (Serialized files now loaded: 0)
Unloading 25 unused Assets / (24.7 KB). Loaded Objects now: 4531.
Memory consumption went from 154.6 MB to 154.6 MB.
Total: 5.528700 ms (FindLiveObjects: 0.400600 ms CreateObjectMapping: 0.504400 ms MarkObjects: 4.579100 ms  DeleteObjects: 0.043300 ms)

AssetImportParameters requested are different than current active one (requested -> active):
  custom:video-decoder-ogg-theora: a1e56fd34408186e4bbccfd4996cb3dc -> 
  custom:container-muxer-webm: aa71ff27fc2769a1b78a27578f13a17b -> 
  custom:container-demuxer-webm: 4f35f7cbe854078d1ac9338744f61a02 -> 
  custom:video-encoder-webm-vp8: eb34c28f22e8b96e1ab97ce403110664 -> 
  custom:video-codec-MediaFoundation-h265: 746d11721c4dcdbdad8f713fa42b33f4 -> 
  custom:audio-encoder-webm-vorbis: bf7c407c2cedff20999df2af8eb42d56 -> 
  custom:framework-win-MediaFoundation: 216162199b28c13a410421893ffa2e32 -> 
  custom:container-demuxer-ogg: 62fdf1f143b41e24485cea50d1cbac27 -> 
  custom:video-decoder-webm-vp8: 9c59270c3fd7afecdb556c50c9e8de78 -> 
  custom:audio-decoder-ogg-vorbis: bf7c407c2cedff20999df2af8eb42d56 -> 
========================================================================
Received Import Request.
  Time since last request: 175.082732 seconds.
  path: Assets/FireMageSprites/Fire_Wiz_Back.png
  artifactKey: Guid(14543fa557469b14db53be6fa3cad891) Importer(815301076,1909f56bfc062723c751e8b465ee728b)
Start importing Assets/FireMageSprites/Fire_Wiz_Back.png using Guid(14543fa557469b14db53be6fa3cad891) Importer(815301076,1909f56bfc062723c751e8b465ee728b)  -> (artifact id: 'dccb54389a4f77904bb6988d2f69df0f') in 0.073212 seconds 
========================================================================
Received Import Request.
  Time since last request: 0.000045 seconds.
  path: Assets/FireMageSprites/Fire_Wiz_Right.png
  artifactKey: Guid(32be6a711e82f794c9407158aa025079) Importer(815301076,1909f56bfc062723c751e8b465ee728b)
Start importing Assets/FireMageSprites/Fire_Wiz_Right.png using Guid(32be6a711e82f794c9407158aa025079) Importer(815301076,1909f56bfc062723c751e8b465ee728b)  -> (artifact id: 'd05e48b514bd94ae93c4971d15ec7197') in 0.016909 seconds 
========================================================================
Received Import Request.
  Time since last request: 8.670146 seconds.
  path: Assets
  artifactKey: Guid(00000000000000001000000000000000) Importer(815301076,1909f56bfc062723c751e8b465ee728b)
Start importing Assets using Guid(00000000000000001000000000000000) Importer(815301076,1909f56bfc062723c751e8b465ee728b)  -> (artifact id: '79842766b460edbeab6a34051e857a80') in 0.011081 seconds 
========================================================================
Received Import Request.
  Time since last request: 14.992439 seconds.
  path: Assets/WaterMageSprites
  artifactKey: Guid(2e0018f22cbca9c4b87172d6a580398f) Importer(815301076,1909f56bfc062723c751e8b465ee728b)
Start importing Assets/WaterMageSprites using Guid(2e0018f22cbca9c4b87172d6a580398f) Importer(815301076,1909f56bfc062723c751e8b465ee728b)  -> (artifact id: '02d0b4e072e3d395e596aecaeaa54168') in 0.007451 seconds 
========================================================================
Received Import Request.
  Time since last request: 5.012734 seconds.
  path: Assets/WaterMageSprites/Water_Wiz_Back.png
  artifactKey: Guid(ec7a72554e36b0d4796d6f22d380b21a) Importer(815301076,1909f56bfc062723c751e8b465ee728b)
Start importing Assets/WaterMageSprites/Water_Wiz_Back.png using Guid(ec7a72554e36b0d4796d6f22d380b21a) Importer(815301076,1909f56bfc062723c751e8b465ee728b)  -> (artifact id: '478281cb51abad4803e930deccd28de3') in 0.021207 seconds 
========================================================================
Received Import Request.
  Time since last request: 0.000022 seconds.
  path: Assets/WaterMageSprites/Water_Wiz_Right.png
  artifactKey: Guid(9f336285504f31c48a0133f0336b5883) Importer(815301076,1909f56bfc062723c751e8b465ee728b)
Start importing Assets/WaterMageSprites/Water_Wiz_Right.png using Guid(9f336285504f31c48a0133f0336b5883) Importer(815301076,1909f56bfc062723c751e8b465ee728b)  -> (artifact id: '80dbe1f7c2ed10b98eb66cccc010ea92') in 0.022641 seconds 
========================================================================
Received Import Request.
  Time since last request: 23.973991 seconds.
  path: Assets/EnvironmentSprites
  artifactKey: Guid(e8d94d3e20bb20741a6338dbc1d30e8f) Importer(815301076,1909f56bfc062723c751e8b465ee728b)
Start importing Assets/EnvironmentSprites using Guid(e8d94d3e20bb20741a6338dbc1d30e8f) Importer(815301076,1909f56bfc062723c751e8b465ee728b)  -> (artifact id: '92affa62898fb8c6312db6b4a50465ad') in 0.010810 seconds 
========================================================================
Received Import Request.
  Time since last request: 4.020504 seconds.
  path: Assets/EnvironmentSprites/Barrel.png
  artifactKey: Guid(786606f5a19b0bc40a0438c3e71aa519) Importer(815301076,1909f56bfc062723c751e8b465ee728b)
Start importing Assets/EnvironmentSprites/Barrel.png using Guid(786606f5a19b0bc40a0438c3e71aa519) Importer(815301076,1909f56bfc062723c751e8b465ee728b)  -> (artifact id: '20e97e8edcb3035fa681e28a228cec8d') in 0.045780 seconds 
========================================================================
Received Import Request.
  Time since last request: 1.704171 seconds.
  path: Assets/EnvironmentSprites/Crate.png
  artifactKey: Guid(f3cae39c0be77f74b8cd954b016ed992) Importer(815301076,1909f56bfc062723c751e8b465ee728b)
Start importing Assets/EnvironmentSprites/Crate.png using Guid(f3cae39c0be77f74b8cd954b016ed992) Importer(815301076,1909f56bfc062723c751e8b465ee728b)  -> (artifact id: '9d98fca7d0ca2d5da6c06b2e1d2486ee') in 0.018256 seconds 
